15:41:08 [INFO] starting tacky-borders
15:41:08 [INFO] generating default config in C:\Users\d\.config\tacky-borders
15:41:08 [INFO] border is disabled for HWND(0x206b0)
15:41:08 [INFO] border is disabled for HWND(0x206ca)
15:41:08 [INFO] border is disabled for HWND(0x3100a)
15:41:08 [INFO] border is disabled for HWND(0x31112)
15:43:56 [INFO] config.yaml has changed; reloading borders
15:43:56 [INFO] border is disabled for HWND(0x206b0)
15:43:56 [INFO] border is disabled for HWND(0x206ca)
15:43:56 [INFO] border is disabled for HWND(0x3100a)
15:43:56 [INFO] border is disabled for HWND(0x31112)
15:43:56 [ERROR] received invalid dpi of 0 from GetDpiForWindow
15:45:18 [INFO] config.yaml has changed; reloading borders
15:45:18 [INFO] border is disabled for HWND(0x206b0)
15:45:18 [INFO] border is disabled for HWND(0x206ca)
15:45:18 [INFO] border is disabled for HWND(0x3100a)
15:45:18 [INFO] border is disabled for HWND(0x31112)
15:45:18 [ERROR] received invalid dpi of 0 from GetDpiForWindow
15:45:18 [ERROR] received invalid dpi of 0 from GetDpiForWindow
15:45:30 [INFO] config.yaml has changed; reloading borders
15:45:30 [INFO] border is disabled for HWND(0x206b0)
15:45:30 [INFO] border is disabled for HWND(0x206ca)
15:45:30 [INFO] border is disabled for HWND(0x3100a)
15:45:30 [INFO] border is disabled for HWND(0x31112)
15:45:30 [ERROR] received invalid dpi of 0 from GetDpiForWindow
15:45:40 [INFO] config.yaml has changed; reloading borders
15:45:40 [INFO] border is disabled for HWND(0x206b0)
15:45:40 [INFO] border is disabled for HWND(0x206ca)
15:45:40 [INFO] border is disabled for HWND(0x3100a)
15:45:40 [INFO] border is disabled for HWND(0x31112)
15:45:40 [ERROR] received invalid dpi of 0 from GetDpiForWindow
15:45:54 [ERROR] Element not found. (0x80070490)
15:45:54 [INFO] config.yaml has changed; reloading borders
15:45:54 [ERROR] could not retrieve window title for HWND(0xb0828): WIN32_ERROR(1168)
15:45:54 [ERROR] could not check for changes in config dir: The handle is invalid. (0x80070006)
15:45:54 [ERROR] received invalid dpi of 0 from GetDpiForWindow
15:46:31 [INFO] border is disabled for HWND(0x206b0)
15:46:31 [INFO] border is disabled for HWND(0x206ca)
15:46:31 [INFO] border is disabled for HWND(0x3100a)
15:46:31 [INFO] border is disabled for HWND(0x31112)
15:46:31 [ERROR] received invalid dpi of 0 from GetDpiForWindow
15:46:39 [INFO] config.yaml has changed; reloading borders
15:46:39 [INFO] border is disabled for HWND(0x206b0)
15:46:39 [INFO] border is disabled for HWND(0x206ca)
15:46:39 [INFO] border is disabled for HWND(0x3100a)
15:46:39 [INFO] border is disabled for HWND(0x31112)
15:46:39 [ERROR] received invalid dpi of 0 from GetDpiForWindow
15:46:52 [ERROR] could not set window position for HWND(0x311092c): Access is denied. (0x80070005)
15:46:52 [ERROR] could not set window position for HWND(0x311092c): Access is denied. (0x80070005)
15:46:52 [ERROR] could not send animation timer message for HWND(0x1b50934): Invalid window handle. (0x80070578)
15:47:28 [ERROR] could not set window position for HWND(0x107dc): Access is denied. (0x80070005)
15:47:28 [ERROR] could not set window position for HWND(0x107dc): Access is denied. (0x80070005)
15:47:28 [ERROR] could not set window position for HWND(0x9115c): Access is denied. (0x80070005)
15:50:50 [ERROR] could not set window position for HWND(0x311092c): Access is denied. (0x80070005)
15:50:50 [ERROR] could not set window position for HWND(0x311092c): Access is denied. (0x80070005)
15:50:50 [ERROR] could not set window position for HWND(0x9115c): Access is denied. (0x80070005)
15:50:50 [ERROR] could not set window position for HWND(0x9115c): Access is denied. (0x80070005)
15:50:50 [ERROR] could not send animation timer message for HWND(0x61142): Invalid window handle. (0x80070578)
15:50:50 [ERROR] could not send animation timer message for HWND(0x5108a): Invalid window handle. (0x80070578)
15:50:51 [ERROR] could not set window position for HWND(0x311092c): Access is denied. (0x80070005)
15:50:51 [ERROR] could not set window position for HWND(0x311092c): Access is denied. (0x80070005)
15:50:51 [ERROR] could not set window position for HWND(0x9115c): Access is denied. (0x80070005)
15:50:51 [ERROR] could not set window position for HWND(0x9115c): Access is denied. (0x80070005)
15:50:51 [ERROR] could not send animation timer message for HWND(0x51134): Invalid window handle. (0x80070578)
15:50:51 [ERROR] could not send animation timer message for HWND(0x61132): Invalid window handle. (0x80070578)
15:50:51 [ERROR] could not set window position for HWND(0x311092c): Access is denied. (0x80070005)
15:50:51 [ERROR] could not set window position for HWND(0x311092c): Access is denied. (0x80070005)
15:50:51 [ERROR] could not set window position for HWND(0x9115c): Access is denied. (0x80070005)
15:50:51 [ERROR] could not send animation timer message for HWND(0x71132): Invalid window handle. (0x80070578)
15:50:51 [ERROR] could not set window position for HWND(0x9115c): Access is denied. (0x80070005)
15:50:51 [ERROR] could not send animation timer message for HWND(0x61134): Invalid window handle. (0x80070578)
15:50:52 [ERROR] could not set window position for HWND(0x311092c): Access is denied. (0x80070005)
15:50:52 [ERROR] could not set window position for HWND(0x311092c): Access is denied. (0x80070005)
15:50:52 [ERROR] could not set window position for HWND(0x9115c): Access is denied. (0x80070005)
15:50:52 [ERROR] could not set window position for HWND(0x9115c): Access is denied. (0x80070005)
15:50:52 [ERROR] could not send animation timer message for HWND(0x81132): Invalid window handle. (0x80070578)
15:50:52 [ERROR] could not send animation timer message for HWND(0x71134): Invalid window handle. (0x80070578)
15:50:52 [ERROR] could not set window position for HWND(0x311092c): Access is denied. (0x80070005)
15:50:52 [ERROR] could not set window position for HWND(0x311092c): Access is denied. (0x80070005)
15:50:52 [ERROR] could not set window position for HWND(0x9115c): Access is denied. (0x80070005)
15:50:52 [ERROR] could not set window position for HWND(0x9115c): Access is denied. (0x80070005)
15:50:52 [ERROR] could not send animation timer message for HWND(0x91132): Invalid window handle. (0x80070578)
15:50:52 [ERROR] could not send animation timer message for HWND(0x81134): Invalid window handle. (0x80070578)
15:50:55 [ERROR] could not set window position for HWND(0x311092c): Access is denied. (0x80070005)
15:50:55 [ERROR] could not set window position for HWND(0x311092c): Access is denied. (0x80070005)
15:50:55 [ERROR] could not send animation timer message for HWND(0x91134): Invalid window handle. (0x80070578)
15:50:55 [ERROR] could not set window position for HWND(0x9115c): Access is denied. (0x80070005)
15:50:55 [ERROR] could not set window position for HWND(0x9115c): Access is denied. (0x80070005)
15:50:55 [ERROR] could not send animation timer message for HWND(0xa1134): Invalid window handle. (0x80070578)
15:50:56 [ERROR] could not set window position for HWND(0x311092c): Access is denied. (0x80070005)
15:50:56 [ERROR] could not set window position for HWND(0x311092c): Access is denied. (0x80070005)
15:50:56 [ERROR] could not set window position for HWND(0x9115c): Access is denied. (0x80070005)
15:50:56 [ERROR] could not set window position for HWND(0x9115c): Access is denied. (0x80070005)
15:50:56 [ERROR] could not send animation timer message for HWND(0xa1132): Invalid window handle. (0x80070578)
15:50:56 [ERROR] could not send animation timer message for HWND(0xb1134): Invalid window handle. (0x80070578)
15:50:57 [ERROR] could not set window position for HWND(0x311092c): Access is denied. (0x80070005)
15:50:57 [ERROR] could not set window position for HWND(0x311092c): Access is denied. (0x80070005)
15:50:57 [ERROR] could not set window position for HWND(0x9115c): Access is denied. (0x80070005)
15:50:57 [ERROR] could not set window position for HWND(0x9115c): Access is denied. (0x80070005)
15:50:57 [ERROR] could not send animation timer message for HWND(0xc1134): Invalid window handle. (0x80070578)
15:50:57 [ERROR] could not send animation timer message for HWND(0xb1132): Invalid window handle. (0x80070578)
15:50:57 [ERROR] could not set window position for HWND(0x311092c): Access is denied. (0x80070005)
15:50:57 [ERROR] could not set window position for HWND(0x311092c): Access is denied. (0x80070005)
15:50:57 [ERROR] could not set window position for HWND(0x9115c): Access is denied. (0x80070005)
15:50:57 [ERROR] could not send animation timer message for HWND(0xd1134): Invalid window handle. (0x80070578)
15:50:57 [ERROR] could not set window position for HWND(0x9115c): Access is denied. (0x80070005)
15:50:57 [ERROR] could not send animation timer message for HWND(0xc1132): Invalid window handle. (0x80070578)
16:06:31 [INFO] border is disabled for HWND(0x140776)
16:20:34 [INFO] config.yaml has changed; reloading borders
16:20:34 [INFO] border is disabled for HWND(0x206b0)
16:20:34 [INFO] border is disabled for HWND(0x206ca)
16:20:34 [INFO] border is disabled for HWND(0x3100a)
16:20:34 [INFO] border is disabled for HWND(0x31112)
16:20:34 [ERROR] received invalid dpi of 0 from GetDpiForWindow
16:20:34 [ERROR] received invalid dpi of 0 from GetDpiForWindow
16:25:36 [INFO] border is disabled for HWND(0x8111e)
16:25:40 [INFO] border is disabled for HWND(0xb1008)
16:30:25 [INFO] border is disabled for HWND(0x10488)
16:32:57 [INFO] border is disabled for HWND(0x306d2)
16:32:57 [INFO] border is disabled for HWND(0x306b4)
16:32:57 [INFO] border is disabled for HWND(0xf1178)
16:33:15 [INFO] border is disabled for HWND(0x406b4)
16:33:15 [INFO] border is disabled for HWND(0x160830)
16:33:15 [INFO] border is disabled for HWND(0x306e8)
16:33:52 [INFO] border is disabled for HWND(0x4a0eea)
16:33:53 [INFO] border is disabled for HWND(0x406aa)
16:33:53 [INFO] border is disabled for HWND(0x406ba)
16:34:27 [INFO] border is disabled for HWND(0x506ba)
16:34:27 [INFO] border is disabled for HWND(0x506b6)
16:34:27 [INFO] border is disabled for HWND(0x101092)
16:34:47 [INFO] border is disabled for HWND(0x200844)
16:34:47 [INFO] border is disabled for HWND(0x190748)
16:34:47 [INFO] border is disabled for HWND(0xc10ee6)
16:35:06 [INFO] border is disabled for HWND(0x121178)
16:35:06 [INFO] border is disabled for HWND(0xf1008)
16:35:06 [INFO] border is disabled for HWND(0x606d2)
16:35:57 [ERROR] could not set window position for HWND(0xa1010): Access is denied. (0x80070005)
16:35:57 [ERROR] could not set window position for HWND(0xa1010): Access is denied. (0x80070005)
16:35:57 [ERROR] could not send animation timer message for HWND(0x2e0f68): Invalid window handle. (0x80070578)
16:37:00 [INFO] starting tacky-borders
16:37:00 [INFO] border is disabled for HWND(0x181092)
16:37:48 [ERROR] could not get window rect for HWND(0x706b6): The handle is invalid. (0x80070006)
16:37:48 [ERROR] could not send animation timer message for HWND(0x90fd8): Invalid window handle. (0x80070578)
16:37:48 [ERROR] could not get window rect for HWND(0x706b6): The handle is invalid. (0x80070006)
16:37:48 [ERROR] could not send animation timer message for HWND(0x8b0ede): Invalid window handle. (0x80070578)
16:38:25 [ERROR] could not set window position for HWND(0x70f06): Access is denied. (0x80070005)
16:38:25 [ERROR] could not set window position for HWND(0x70f06): Access is denied. (0x80070005)
16:38:25 [ERROR] could not send animation timer message for HWND(0x70678): Invalid window handle. (0x80070578)
16:38:27 [ERROR] could not set window position for HWND(0x70f06): Access is denied. (0x80070005)
16:38:27 [ERROR] could not set window position for HWND(0x70f06): Access is denied. (0x80070005)
16:38:27 [ERROR] could not send animation timer message for HWND(0x91122): Invalid window handle. (0x80070578)
16:38:39 [ERROR] could not set window position for HWND(0x70f06): Access is denied. (0x80070005)
16:38:39 [ERROR] could not set window position for HWND(0x70f06): Access is denied. (0x80070005)
16:38:39 [ERROR] could not send animation timer message for HWND(0xc0368): Invalid window handle. (0x80070578)
16:41:01 [INFO] starting tacky-borders
16:41:02 [INFO] border is disabled for HWND(0x131012)
16:41:14 [ERROR] could not set window position for HWND(0x70f06): Access is denied. (0x80070005)
16:41:14 [ERROR] could not set window position for HWND(0x70f06): Access is denied. (0x80070005)
16:41:14 [ERROR] could not send animation timer message for HWND(0xa0fba): Invalid window handle. (0x80070578)
16:43:11 [INFO] border is disabled for HWND(0x130918)
16:43:23 [INFO] border is disabled for HWND(0x200fea)
16:43:23 [INFO] border is disabled for HWND(0x61112)
16:43:23 [INFO] border is disabled for HWND(0x161104)
16:43:28 [INFO] border is disabled for HWND(0xb06e0)
16:44:13 [INFO] border is disabled for HWND(0xc9093e)
16:44:13 [INFO] border is disabled for HWND(0x101128)
16:44:13 [INFO] border is disabled for HWND(0x151008)
16:44:59 [INFO] border is disabled for HWND(0x17083c)
16:44:59 [INFO] border is disabled for HWND(0xd0780)
16:44:59 [INFO] border is disabled for HWND(0x81112)
16:45:29 [INFO] border is disabled for HWND(0xe06e8)
16:45:29 [INFO] border is disabled for HWND(0xc0f0c)
16:45:29 [INFO] border is disabled for HWND(0xd0906)
16:46:12 [INFO] border is disabled for HWND(0x1403d6)
16:46:12 [INFO] border is disabled for HWND(0x706a4)
16:46:12 [INFO] border is disabled for HWND(0x141134)
16:46:45 [INFO] border is disabled for HWND(0xd06c4)
16:46:46 [INFO] border is disabled for HWND(0x27e0930)
16:46:46 [INFO] border is disabled for HWND(0x110ef6)
16:47:05 [INFO] border is disabled for HWND(0x27f0930)
16:47:05 [INFO] border is disabled for HWND(0x390940)
16:47:05 [INFO] border is disabled for HWND(0xe06ba)
16:47:14 [INFO] border is disabled for HWND(0x1b1104)
16:47:14 [INFO] border is disabled for HWND(0x100780)
16:47:14 [INFO] border is disabled for HWND(0xf0662)
16:47:38 [INFO] border is disabled for HWND(0x1c1104)
16:47:39 [INFO] border is disabled for HWND(0x20077a)
16:47:39 [INFO] border is disabled for HWND(0xb06ee)
16:48:04 [INFO] border is disabled for HWND(0x2e0fb6)
16:48:04 [INFO] border is disabled for HWND(0xe074a)
16:48:04 [INFO] border is disabled for HWND(0x1206b8)
16:48:15 [INFO] border is disabled for HWND(0x1006aa)
16:48:15 [INFO] border is disabled for HWND(0x130818)
16:48:15 [INFO] border is disabled for HWND(0xe113a)
16:49:27 [INFO] border is disabled for HWND(0xe0efc)
16:49:27 [INFO] border is disabled for HWND(0xf066e)
16:49:28 [INFO] border is disabled for HWND(0x3d0940)
16:49:38 [INFO] border is disabled for HWND(0x300fb6)
16:49:38 [INFO] border is disabled for HWND(0x150078)
16:49:38 [INFO] border is disabled for HWND(0xb070a)
16:50:02 [INFO] border is disabled for HWND(0x22207ae)
16:50:02 [INFO] border is disabled for HWND(0x100ef4)
16:50:02 [INFO] border is disabled for HWND(0x1206aa)
17:01:19 [INFO] border is disabled for HWND(0x10488)
17:02:12 [INFO] border is disabled for HWND(0x10488)
17:23:21 [INFO] border is disabled for HWND(0x1206c4)
17:23:21 [INFO] border is disabled for HWND(0x211104)
17:23:22 [INFO] border is disabled for HWND(0x9a0ede)
17:23:22 [INFO] border is disabled for HWND(0xe070a)
17:23:22 [INFO] border is disabled for HWND(0x11074a)
19:33:48 [INFO] border is disabled for HWND(0x1a0452)
19:33:48 [INFO] border is disabled for HWND(0x190818)
19:33:48 [INFO] border is disabled for HWND(0x54508e2)
19:34:03 [INFO] border is disabled for HWND(0x100868)
19:34:03 [INFO] border is disabled for HWND(0x130ef2)
19:34:03 [INFO] border is disabled for HWND(0x150662)
19:34:44 [INFO] border is disabled for HWND(0x1803d4)
19:34:44 [INFO] border is disabled for HWND(0x121112)
19:34:44 [INFO] border is disabled for HWND(0x501c4)
19:35:01 [INFO] border is disabled for HWND(0x131112)
19:35:01 [INFO] border is disabled for HWND(0xb086c)
19:35:01 [INFO] border is disabled for HWND(0x4c408ea)
19:35:35 [INFO] border is disabled for HWND(0x2f1008)
19:35:35 [INFO] border is disabled for HWND(0x2006d2)
19:35:35 [INFO] border is disabled for HWND(0x1606aa)
19:35:57 [INFO] border is disabled for HWND(0x1706aa)
19:35:57 [INFO] border is disabled for HWND(0x140efc)
19:35:57 [INFO] border is disabled for HWND(0x140ef4)
19:36:21 [INFO] border is disabled for HWND(0x150ef4)
19:36:21 [INFO] border is disabled for HWND(0x15074a)
19:36:22 [INFO] border is disabled for HWND(0x1308d6)
19:37:44 [INFO] border is disabled for HWND(0x16100c)
19:37:45 [INFO] border is disabled for HWND(0x14070a)
19:37:45 [INFO] border is disabled for HWND(0x3c0fb6)
19:38:02 [INFO] border is disabled for HWND(0x17d090c)
19:38:02 [INFO] border is disabled for HWND(0x260ee2)
19:38:02 [INFO] border is disabled for HWND(0x23092e)
19:38:22 [INFO] border is disabled for HWND(0x260452)
19:38:22 [INFO] border is disabled for HWND(0x161136)
19:38:22 [INFO] border is disabled for HWND(0x200ef6)
19:38:45 [INFO] border is disabled for HWND(0x210ef6)
19:38:45 [INFO] border is disabled for HWND(0x1780938)
19:38:45 [INFO] border is disabled for HWND(0x1a06aa)
19:38:54 [INFO] border is disabled for HWND(0x180fac)
19:38:54 [INFO] border is disabled for HWND(0x110832)
19:38:54 [INFO] border is disabled for HWND(0x10c0936)
19:39:42 [INFO] border is disabled for HWND(0x10d0936)
19:39:42 [INFO] border is disabled for HWND(0x1d06ca)
19:39:42 [INFO] border is disabled for HWND(0x10086c)
19:40:02 [INFO] border is disabled for HWND(0x2c083c)
19:40:02 [INFO] border is disabled for HWND(0x360fea)
19:40:02 [INFO] border is disabled for HWND(0x2106e8)
19:40:49 [INFO] border is disabled for HWND(0x1c1112)
19:40:49 [INFO] border is disabled for HWND(0x2920930)
19:40:49 [INFO] border is disabled for HWND(0x1307f8)
19:41:04 [INFO] border is disabled for HWND(0x120052)
19:41:04 [INFO] border is disabled for HWND(0x2706d2)
19:41:04 [INFO] border is disabled for HWND(0x3c1002)
20:01:12 [INFO] border is disabled for HWND(0x3d1002)
20:01:12 [INFO] border is disabled for HWND(0x1507d0)
20:01:12 [INFO] border is disabled for HWND(0xb0fda)
20:01:37 [INFO] border is disabled for HWND(0x90858)
20:01:37 [INFO] border is disabled for HWND(0x90f42)
20:01:37 [INFO] border is disabled for HWND(0x420fb6)
20:03:00 [INFO] border is disabled for HWND(0x2603d4)
20:03:00 [INFO] border is disabled for HWND(0x1a08d6)
20:03:00 [INFO] border is disabled for HWND(0x3103c0)
20:03:54 [INFO] border is disabled for HWND(0x10083e)
20:03:54 [INFO] border is disabled for HWND(0x15086c)
20:03:54 [INFO] border is disabled for HWND(0x2706b2)
20:04:26 [INFO] border is disabled for HWND(0x401002)
20:04:27 [INFO] border is disabled for HWND(0x2606ba)
20:04:27 [INFO] border is disabled for HWND(0x1e06ea)
20:04:49 [INFO] border is disabled for HWND(0x1f06ea)
20:04:49 [INFO] border is disabled for HWND(0x2e0ee2)
20:04:49 [INFO] border is disabled for HWND(0x17e0938)
20:05:04 [INFO] border is disabled for HWND(0xe0fee)
20:05:04 [INFO] border is disabled for HWND(0xc0f42)
20:05:04 [INFO] border is disabled for HWND(0x1a067c)
20:05:33 [INFO] border is disabled for HWND(0x1210ea)
20:05:33 [INFO] border is disabled for HWND(0x101170)
20:05:33 [INFO] border is disabled for HWND(0xc0858)
20:05:50 [INFO] border is disabled for HWND(0x11117e)
20:05:50 [INFO] border is disabled for HWND(0x2906ba)
20:05:50 [INFO] border is disabled for HWND(0x200fac)
20:06:01 [INFO] border is disabled for HWND(0x2a06ba)
20:06:01 [INFO] border is disabled for HWND(0x3d0fea)
20:06:01 [INFO] border is disabled for HWND(0x171030)
20:17:50 [INFO] border is disabled for HWND(0x17091e)
20:17:51 [INFO] border is disabled for HWND(0x2e06d2)
20:17:51 [INFO] border is disabled for HWND(0x1e0078)
